<?xml version="1.0" encoding="UTF-8"?>
<!-- Generated by org.testng.reporters.JUnitXMLReporter -->
<testsuite ignored="6" hostname="DESKTOP-QGMO3TS" failures="1" tests="13" name="Test" time="27.244" errors="0" timestamp="2025-06-30T17:11:30 IST">
  <testcase classname="testCases.LoginTest" name="verifyIncorrectCredLogin" time="3.085"/>
  <testcase classname="testCases.LoginTest" name="verifyBlankEmailLogin" time="0.664"/>
  <testcase classname="testCases.LoginTest" name="verifyBlankPasswordLogin" time="1.753"/>
  <testcase classname="testCases.LoginTest" name="verifyCorrectCredLogin" time="2.619"/>
  <testcase classname="testCases.HomeTest" name="verifyHomeCardsVisibility" time="0.985"/>
  <testcase classname="testCases.CRMTest" name="verifyPageIsCRM_UsersPage" time="1.252"/>
  <testcase classname="testCases.CRMTest" name="verifyNullUserName" time="1.628"/>
  <testcase classname="testCases.CRMTest" name="verifyNullMobileNumber" time="2.3"/>
  <testcase classname="testCases.CRMTest" name="verifyNullHandle" time="2.451"/>
  <testcase classname="testCases.CRMTest" name="verifyNullEmail" time="3.341"/>
  <testcase classname="testCases.CRMTest" name="verifyNullDepartment" time="3.318"/>
  <testcase classname="testCases.CRMTest" name="verifyNullGroupName" time="1.951"/>
  <testcase classname="testCases.CRMTest" name="verifySearchByGroupName" time="1.412">
    <failure type="org.openqa.selenium.StaleElementReferenceException" message="stale element reference: stale element not found in the current frame
  (Session info: chrome=137.0.7151.120)
For documentation on this error, please visit: https://www.selenium.dev/documentation/webdriver/troubleshooting/errors#stale-element-reference-exception
Build info: version: &amp;apos;4.23.0&amp;apos;, revision: &amp;apos;4df0a231af&amp;apos;
System info: os.name: &amp;apos;Windows 11&amp;apos;, os.arch: &amp;apos;amd64&amp;apos;, os.version: &amp;apos;10.0&amp;apos;, java.version: &amp;apos;17.0.11&amp;apos;
Driver info: org.openqa.selenium.chrome.ChromeDriver
Command: [d8979347fb273ec2fd3acba99ca07dd3, getElementText {id=f.5EF0D2FEDFEF214DF6787EF73F2947A6.d.9F20741C03497C9D43ED13DC4E9B90F8.e.736}]
Capabilities {acceptInsecureCerts: false, browserName: chrome, browserVersion: 137.0.7151.120, chrome: {chromedriverVersion: 137.0.7151.119 (e0ac9d12dff..., userDataDir: C:\Users\Mayur\AppData\Loca...}, fedcm:accounts: true, goog:chromeOptions: {debuggerAddress: localhost:52088}, networkConnectionEnabled: false, pageLoadStrategy: normal, platformName: windows, proxy: Proxy(), se:cdp: ws://localhost:52088/devtoo..., se:cdpVersion: 137.0.7151.120, setWindowRect: true, strictFileInteractability: false, timeouts: {implicit: 0, pageLoad: 300000, script: 30000}, unhandledPromptBehavior: dismiss and notify, webauthn:extension:credBlob: true, webauthn:extension:largeBlob: true, webauthn:extension:minPinLength: true, webauthn:extension:prf: true, webauthn:virtualAuthenticators: true}
Element: [[ChromeDriver: chrome on windows (d8979347fb273ec2fd3acba99ca07dd3)] -&amp;gt; xpath: //table[contains(@class,&amp;apos;MuiTable-root&amp;apos;)]/tbody/tr[td[not(@colspan)]]]
Session ID: d8979347fb273ec2fd3acba99ca07dd3">
      <![CDATA[org.openqa.selenium.StaleElementReferenceException: stale element reference: stale element not found in the current frame
  (Session info: chrome=137.0.7151.120)
For documentation on this error, please visit: https://www.selenium.dev/documentation/webdriver/troubleshooting/errors#stale-element-reference-exception
Build info: version: '4.23.0', revision: '4df0a231af'
System info: os.name: 'Windows 11', os.arch: 'amd64', os.version: '10.0', java.version: '17.0.11'
Driver info: org.openqa.selenium.chrome.ChromeDriver
Command: [d8979347fb273ec2fd3acba99ca07dd3, getElementText {id=f.5EF0D2FEDFEF214DF6787EF73F2947A6.d.9F20741C03497C9D43ED13DC4E9B90F8.e.736}]
Capabilities {acceptInsecureCerts: false, browserName: chrome, browserVersion: 137.0.7151.120, chrome: {chromedriverVersion: 137.0.7151.119 (e0ac9d12dff..., userDataDir: C:\Users\Mayur\AppData\Loca...}, fedcm:accounts: true, goog:chromeOptions: {debuggerAddress: localhost:52088}, networkConnectionEnabled: false, pageLoadStrategy: normal, platformName: windows, proxy: Proxy(), se:cdp: ws://localhost:52088/devtoo..., se:cdpVersion: 137.0.7151.120, setWindowRect: true, strictFileInteractability: false, timeouts: {implicit: 0, pageLoad: 300000, script: 30000}, unhandledPromptBehavior: dismiss and notify, webauthn:extension:credBlob: true, webauthn:extension:largeBlob: true, webauthn:extension:minPinLength: true, webauthn:extension:prf: true, webauthn:virtualAuthenticators: true}
Element: [[ChromeDriver: chrome on windows (d8979347fb273ec2fd3acba99ca07dd3)] -> xpath: //table[contains(@class,'MuiTable-root')]/tbody/tr[td[not(@colspan)]]]
Session ID: d8979347fb273ec2fd3acba99ca07dd3
at org.openqa.selenium.remote.ErrorCodec.decode(ErrorCodec.java:167)
at org.openqa.selenium.remote.codec.w3c.W3CHttpResponseCodec.decode(W3CHttpResponseCodec.java:138)
at org.openqa.selenium.remote.codec.w3c.W3CHttpResponseCodec.decode(W3CHttpResponseCodec.java:50)
at org.openqa.selenium.remote.HttpCommandExecutor.execute(HttpCommandExecutor.java:190)
at org.openqa.selenium.remote.service.DriverCommandExecutor.invokeExecute(DriverCommandExecutor.java:216)
at org.openqa.selenium.remote.service.DriverCommandExecutor.execute(DriverCommandExecutor.java:174)
at org.openqa.selenium.remote.RemoteWebDriver.execute(RemoteWebDriver.java:527)
at org.openqa.selenium.remote.RemoteWebElement.execute(RemoteWebElement.java:223)
at org.openqa.selenium.remote.RemoteWebElement.getText(RemoteWebElement.java:191)
at pageObjects.CRMPage.searchByName(CRMPage.java:135)
at testCases.CRMTest.verifySearchByGroupName(CRMTest.java:169)
at java.base/java.util.ArrayList.forEach(ArrayList.java:1511)
... Removed 32 stack frames]]>
    </failure>
  </testcase> <!-- verifySearchByGroupName -->
  <testcase classname="testCases.CRMTest" name="verifyDownloadSampleCSV" time="0.0">
    <ignored/>
  </testcase> <!-- verifyDownloadSampleCSV -->
  <testcase classname="testCases.CRMTest" name="verifyUploadBulkUserFile" time="0.0">
    <ignored/>
  </testcase> <!-- verifyUploadBulkUserFile -->
  <testcase classname="testCases.CRMTest" name="verifyGroupNameCreationWithValidDate" time="0.0">
    <ignored/>
  </testcase> <!-- verifyGroupNameCreationWithValidDate -->
  <testcase classname="testBase.BaseClass" name="@BeforeSuite browserLounching" time="0.0">
    <ignored/>
  </testcase> <!-- @BeforeSuite browserLounching -->
  <testcase classname="testBase.BaseClass" name="@BeforeSuite browserLounching" time="0.0">
    <ignored/>
  </testcase> <!-- @BeforeSuite browserLounching -->
  <testcase classname="testCases.CRMTest" name="verifyDuplicateGroupNameCreation" time="0.0">
    <ignored/>
  </testcase> <!-- verifyDuplicateGroupNameCreation -->
</testsuite> <!-- Test -->
