<?xml version="1.0" encoding="UTF-8"?>
<!-- Generated by org.testng.reporters.JUnitReportReporter -->
<testsuite hostname="DESKTOP-QGMO3TS" failures="1" tests="14" name="testCases.CRM_CustomersTest" time="51.377" errors="0" timestamp="2025-07-11T16:21:25 IST" skipped="3">
  <testcase classname="testCases.CRM_CustomersTest" name="verifyPageIsCRM_CustomerPage" time="3.911"/>
  <system-out/>
  <testcase classname="testCases.CRM_CustomersTest" name="verifyBrokenLinksOfCRM_CustomerPage" time="0.771"/>
  <system-out/>
  <testcase classname="testCases.CRM_CustomersTest" name="verifyNullCustomerName" time="1.437"/>
  <system-out/>
  <testcase classname="testCases.CRM_CustomersTest" name="verifyNullMobileNumber" time="2.022"/>
  <system-out/>
  <testcase classname="testCases.CRM_CustomersTest" name="verifyNullHandle" time="2.312"/>
  <system-out/>
  <testcase classname="testCases.CRM_CustomersTest" name="verifyNullEmail" time="2.730"/>
  <system-out/>
  <testcase classname="testCases.CRM_CustomersTest" name="verifyNullDepartment" time="3.197"/>
  <system-out/>
  <testcase classname="testCases.CRM_CustomersTest" name="verifyNewCustomerCreationWithValidData" time="16.528">
    <failure message="The following asserts failed:
	Customer creation toast message does not match! expected [Create success!] but found [User handle already used Failed to add user!]" type="java.lang.AssertionError">
      <![CDATA[java.lang.AssertionError: The following asserts failed:
Customer creation toast message does not match! expected [Create success!] but found [User handle already used Failed to add user!]
at org.testng.asserts.SoftAssert.assertAll(SoftAssert.java:47)
at org.testng.asserts.SoftAssert.assertAll(SoftAssert.java:31)
at testCases.CRM_CustomersTest.verifyNewCustomerCreationWithValidData(CRM_CustomersTest.java:161)
at java.base/jdk.internal.reflect.NativeMethodAccessorImpl.invoke0(Native Method)
at java.base/jdk.internal.reflect.NativeMethodAccessorImpl.invoke(NativeMethodAccessorImpl.java:77)
at java.base/jdk.internal.reflect.DelegatingMethodAccessorImpl.invoke(DelegatingMethodAccessorImpl.java:43)
at java.base/java.lang.reflect.Method.invoke(Method.java:568)
at org.testng.internal.MethodInvocationHelper.invokeMethod(MethodInvocationHelper.java:133)
at org.testng.internal.TestInvoker.invokeMethod(TestInvoker.java:598)
at org.testng.internal.TestInvoker.invokeTestMethod(TestInvoker.java:173)
at org.testng.internal.MethodRunner.runInSequence(MethodRunner.java:46)
at org.testng.internal.TestInvoker$MethodInvocationAgent.invoke(TestInvoker.java:824)
at org.testng.internal.TestInvoker.invokeTestMethods(TestInvoker.java:146)
at org.testng.internal.TestMethodWorker.invokeTestMethods(TestMethodWorker.java:146)
at org.testng.internal.TestMethodWorker.run(TestMethodWorker.java:128)
at java.base/java.util.ArrayList.forEach(ArrayList.java:1511)
at org.testng.TestRunner.privateRun(TestRunner.java:794)
at org.testng.TestRunner.run(TestRunner.java:596)
at org.testng.SuiteRunner.runTest(SuiteRunner.java:377)
at org.testng.SuiteRunner.runSequentially(SuiteRunner.java:371)
at org.testng.SuiteRunner.privateRun(SuiteRunner.java:332)
at org.testng.SuiteRunner.run(SuiteRunner.java:276)
at org.testng.SuiteRunnerWorker.runSuite(SuiteRunnerWorker.java:53)
at org.testng.SuiteRunnerWorker.run(SuiteRunnerWorker.java:96)
at org.testng.TestNG.runSuitesSequentially(TestNG.java:1212)
at org.testng.TestNG.runSuitesLocally(TestNG.java:1134)
at org.testng.TestNG.runSuites(TestNG.java:1063)
at org.testng.TestNG.run(TestNG.java:1031)
at org.testng.remote.AbstractRemoteTestNG.run(AbstractRemoteTestNG.java:115)
at org.testng.remote.RemoteTestNG.initAndRun(RemoteTestNG.java:293)
at org.testng.remote.RemoteTestNG.main(RemoteTestNG.java:91)
]]>
    </failure>
  </testcase> <!-- verifyNewCustomerCreationWithValidData -->
  <system-out/>
  <testcase classname="testCases.CRM_CustomersTest" name="verifyNewCustomerCreationWithDuplicateHandle" time="0.003">
    <skipped/>
  </testcase> <!-- verifyNewCustomerCreationWithDuplicateHandle -->
  <system-out/>
  <testcase classname="testCases.CRM_CustomersTest" name="verifyNewCustomerCreationWithDuplicateEmail" time="0.005">
    <skipped/>
  </testcase> <!-- verifyNewCustomerCreationWithDuplicateEmail -->
  <system-out/>
  <testcase classname="testCases.CRM_CustomersTest" name="verifyTotalCustomerCountOnPagination" time="8.170"/>
  <system-out/>
  <testcase classname="testCases.CRM_CustomersTest" name="verifySearchByCustomerName" time="0.000">
    <skipped/>
  </testcase> <!-- verifySearchByCustomerName -->
  <system-out/>
  <testcase classname="testCases.CRM_CustomersTest" name="verifyNullConditionValueInFilter" time="3.879"/>
  <system-out/>
  <testcase classname="testCases.CRM_CustomersTest" name="verifyFilterBy_Name_Contains" time="6.412"/>
  <system-out/>
</testsuite> <!-- testCases.CRM_CustomersTest -->
