<?xml version="1.0" encoding="UTF-8"?>
<!-- Generated by org.testng.reporters.JUnitReportReporter -->
<testsuite hostname="DESKTOP-QGMO3TS" failures="1" tests="13" name="testCases.CampaignsTest" time="72.847" errors="0" timestamp="2025-07-11T17:00:08 IST" skipped="0">
  <testcase classname="testCases.CampaignsTest" name="verifyPageIsCampaignPage" time="0.968"/>
  <system-out/>
  <testcase classname="testCases.CampaignsTest" name="verifyNullCampaignName" time="1.633">
    <failure message="The following asserts failed:
	Campaign name required error message not match! expected [Campaign Name is required] but found [null]" type="java.lang.AssertionError">
      <![CDATA[java.lang.AssertionError: The following asserts failed:
Campaign name required error message not match! expected [Campaign Name is required] but found [null]
at org.testng.asserts.SoftAssert.assertAll(SoftAssert.java:47)
at org.testng.asserts.SoftAssert.assertAll(SoftAssert.java:31)
at testCases.CampaignsTest.verifyNullCampaignName(CampaignsTest.java:48)
at java.base/jdk.internal.reflect.NativeMethodAccessorImpl.invoke0(Native Method)
at java.base/jdk.internal.reflect.NativeMethodAccessorImpl.invoke(NativeMethodAccessorImpl.java:77)
at java.base/jdk.internal.reflect.DelegatingMethodAccessorImpl.invoke(DelegatingMethodAccessorImpl.java:43)
at java.base/java.lang.reflect.Method.invoke(Method.java:568)
at org.testng.internal.MethodInvocationHelper.invokeMethod(MethodInvocationHelper.java:133)
at org.testng.internal.TestInvoker.invokeMethod(TestInvoker.java:598)
at org.testng.internal.TestInvoker.invokeTestMethod(TestInvoker.java:173)
at org.testng.internal.MethodRunner.runInSequence(MethodRunner.java:46)
at org.testng.internal.TestInvoker$MethodInvocationAgent.invoke(TestInvoker.java:824)
at org.testng.internal.TestInvoker.invokeTestMethods(TestInvoker.java:146)
at org.testng.internal.TestMethodWorker.invokeTestMethods(TestMethodWorker.java:146)
at org.testng.internal.TestMethodWorker.run(TestMethodWorker.java:128)
at java.base/java.util.ArrayList.forEach(ArrayList.java:1511)
at org.testng.TestRunner.privateRun(TestRunner.java:794)
at org.testng.TestRunner.run(TestRunner.java:596)
at org.testng.SuiteRunner.runTest(SuiteRunner.java:377)
at org.testng.SuiteRunner.runSequentially(SuiteRunner.java:371)
at org.testng.SuiteRunner.privateRun(SuiteRunner.java:332)
at org.testng.SuiteRunner.run(SuiteRunner.java:276)
at org.testng.SuiteRunnerWorker.runSuite(SuiteRunnerWorker.java:53)
at org.testng.SuiteRunnerWorker.run(SuiteRunnerWorker.java:96)
at org.testng.TestNG.runSuitesSequentially(TestNG.java:1212)
at org.testng.TestNG.runSuitesLocally(TestNG.java:1134)
at org.testng.TestNG.runSuites(TestNG.java:1063)
at org.testng.TestNG.run(TestNG.java:1031)
at org.testng.remote.AbstractRemoteTestNG.run(AbstractRemoteTestNG.java:115)
at org.testng.remote.RemoteTestNG.initAndRun(RemoteTestNG.java:293)
at org.testng.remote.RemoteTestNG.main(RemoteTestNG.java:91)
]]>
    </failure>
  </testcase> <!-- verifyNullCampaignName -->
  <system-out/>
  <testcase classname="testCases.CampaignsTest" name="verifyNullDescription" time="2.208"/>
  <system-out/>
  <testcase classname="testCases.CampaignsTest" name="verifyNullWhatsAppTemplate" time="2.958"/>
  <system-out/>
  <testcase classname="testCases.CampaignsTest" name="verifyNullStatus" time="3.534"/>
  <system-out/>
  <testcase classname="testCases.CampaignsTest" name="verifyNullDepartment" time="4.102"/>
  <system-out/>
  <testcase classname="testCases.CampaignsTest" name="verifyNullGroup_Segment" time="4.790"/>
  <system-out/>
  <testcase classname="testCases.CampaignsTest" name="verifyNullSchedule" time="6.177"/>
  <system-out/>
  <testcase classname="testCases.CampaignsTest" name="verifyNewCampaignCreationWithValidData" time="16.991"/>
  <system-out/>
  <testcase classname="testCases.CampaignsTest" name="verifyEditCampaignByUpdatingName" time="12.971"/>
  <system-out/>
  <testcase classname="testCases.CampaignsTest" name="verifyDeleteCampaign" time="11.438"/>
  <system-out/>
  <testcase classname="testCases.CampaignsTest" name="verifyTotalCampaignCountOnPagination" time="3.066"/>
  <system-out/>
  <testcase classname="testCases.CampaignsTest" name="verifyBrokenLinksOnCampaignPage" time="2.011"/>
  <system-out/>
</testsuite> <!-- testCases.CampaignsTest -->
